This is pdfTeX, Version 3.1415926-2.5-1.40.14 (TeX Live 2013/Debian) (format=pdflatex 2016.1.25)  23 MAY 2016 03:25
entering extended mode
 restricted \write18 enabled.
 %&-line parsing enabled.
**Prova1.tex
(./Prova1.tex
LaTeX2e <2011/06/27>
Babel <3.9h> and hyphenation patterns for 78 languages loaded.
(/usr/share/texlive/texmf-dist/tex/latex/base/article.cls
Document Class: article 2007/10/19 v1.4h Standard LaTeX document class
(/usr/share/texlive/texmf-dist/tex/latex/base/size10.clo
File: size10.clo 2007/10/19 v1.4h Standard LaTeX file (size option)
)
\c@part=\count79
\c@section=\count80
\c@subsection=\count81
\c@subsubsection=\count82
\c@paragraph=\count83
\c@subparagraph=\count84
\c@figure=\count85
\c@table=\count86
\abovecaptionskip=\skip41
\belowcaptionskip=\skip42
\bibindent=\dimen102
) (./spconf.sty)
(/usr/share/texlive/texmf-dist/tex/latex/amsmath/amsmath.sty
Package: amsmath 2013/01/14 v2.14 AMS math features
\@mathmargin=\skip43

For additional information on amsmath, use the `?' option.
(/usr/share/texlive/texmf-dist/tex/latex/amsmath/amstext.sty
Package: amstext 2000/06/29 v2.01

(/usr/share/texlive/texmf-dist/tex/latex/amsmath/amsgen.sty
File: amsgen.sty 1999/11/30 v2.0
\@emptytoks=\toks14
\ex@=\dimen103
))
(/usr/share/texlive/texmf-dist/tex/latex/amsmath/amsbsy.sty
Package: amsbsy 1999/11/29 v1.2d
\pmbraise@=\dimen104
)
(/usr/share/texlive/texmf-dist/tex/latex/amsmath/amsopn.sty
Package: amsopn 1999/12/14 v2.01 operator names
)
\inf@bad=\count87
LaTeX Info: Redefining \frac on input line 210.
\uproot@=\count88
\leftroot@=\count89
LaTeX Info: Redefining \overline on input line 306.
\classnum@=\count90
\DOTSCASE@=\count91
LaTeX Info: Redefining \ldots on input line 378.
LaTeX Info: Redefining \dots on input line 381.
LaTeX Info: Redefining \cdots on input line 466.
\Mathstrutbox@=\box26
\strutbox@=\box27
\big@size=\dimen105
LaTeX Font Info:    Redeclaring font encoding OML on input line 566.
LaTeX Font Info:    Redeclaring font encoding OMS on input line 567.
\macc@depth=\count92
\c@MaxMatrixCols=\count93
\dotsspace@=\muskip10
\c@parentequation=\count94
\dspbrk@lvl=\count95
\tag@help=\toks15
\row@=\count96
\column@=\count97
\maxfields@=\count98
\andhelp@=\toks16
\eqnshift@=\dimen106
\alignsep@=\dimen107
\tagshift@=\dimen108
\tagwidth@=\dimen109
\totwidth@=\dimen110
\lineht@=\dimen111
\@envbody=\toks17
\multlinegap=\skip44
\multlinetaggap=\skip45
\mathdisplay@stack=\toks18
LaTeX Info: Redefining \[ on input line 2665.
LaTeX Info: Redefining \] on input line 2666.
)
(/usr/share/texlive/texmf-dist/tex/latex/graphics/epsfig.sty
Package: epsfig 1999/02/16 v1.7a (e)psfig emulation (SPQR)

(/usr/share/texlive/texmf-dist/tex/latex/graphics/graphicx.sty
Package: graphicx 1999/02/16 v1.0f Enhanced LaTeX Graphics (DPC,SPQR)

(/usr/share/texlive/texmf-dist/tex/latex/graphics/keyval.sty
Package: keyval 1999/03/16 v1.13 key=value parser (DPC)
\KV@toks@=\toks19
)
(/usr/share/texlive/texmf-dist/tex/latex/graphics/graphics.sty
Package: graphics 2009/02/05 v1.0o Standard LaTeX Graphics (DPC,SPQR)

(/usr/share/texlive/texmf-dist/tex/latex/graphics/trig.sty
Package: trig 1999/03/16 v1.09 sin cos tan (DPC)
)
(/usr/share/texlive/texmf-dist/tex/latex/latexconfig/graphics.cfg
File: graphics.cfg 2010/04/23 v1.9 graphics configuration of TeX Live
)
Package graphics Info: Driver file: pdftex.def on input line 91.

(/usr/share/texlive/texmf-dist/tex/latex/pdftex-def/pdftex.def
File: pdftex.def 2011/05/27 v0.06d Graphics/color for pdfTeX

(/usr/share/texlive/texmf-dist/tex/generic/oberdiek/infwarerr.sty
Package: infwarerr 2010/04/08 v1.3 Providing info/warning/error messages (HO)
)
(/usr/share/texlive/texmf-dist/tex/generic/oberdiek/ltxcmds.sty
Package: ltxcmds 2011/11/09 v1.22 LaTeX kernel commands for general use (HO)
)
\Gread@gobject=\count99
))
\Gin@req@height=\dimen112
\Gin@req@width=\dimen113
)
\epsfxsize=\dimen114
\epsfysize=\dimen115
)
(/usr/share/texlive/texmf-dist/tex/generic/babel/babel.sty
Package: babel 2013/12/03 3.9h The Babel package

(/usr/share/texlive/texmf-dist/tex/generic/babel-portuges/portuges.ldf
Language: portuges 2008/03/18 v1.2q Portuguese support from the babel system

(/usr/share/texlive/texmf-dist/tex/generic/babel/babel.def
File: babel.def 2013/12/03 3.9h Babel common definitions
\babel@savecnt=\count100
\U@D=\dimen116
)
\l@brazilian = a dialect from \language\l@portuges 
Package babel Info: Making " an active character on input line 145.
))
(/usr/share/texlive/texmf-dist/tex/latex/base/inputenc.sty
Package: inputenc 2008/03/30 v1.1d Input encoding file
\inpenc@prehook=\toks20
\inpenc@posthook=\toks21

(/usr/share/texlive/texmf-dist/tex/latex/base/latin1.def
File: latin1.def 2008/03/30 v1.1d Input encoding file
))
(/usr/share/texlive/texmf-dist/tex/latex/tools/array.sty
Package: array 2008/09/09 v2.4c Tabular extension package (FMi)
\col@sep=\dimen117
\extrarowheight=\dimen118
\NC@list=\toks22
\extratabsurround=\skip46
\backup@length=\skip47
)
(/usr/share/texlive/texmf-dist/tex/latex/hyperref/hyperref.sty
Package: hyperref 2012/11/06 v6.83m Hypertext links for LaTeX

(/usr/share/texlive/texmf-dist/tex/generic/oberdiek/hobsub-hyperref.sty
Package: hobsub-hyperref 2012/05/28 v1.13 Bundle oberdiek, subset hyperref (HO)


(/usr/share/texlive/texmf-dist/tex/generic/oberdiek/hobsub-generic.sty
Package: hobsub-generic 2012/05/28 v1.13 Bundle oberdiek, subset generic (HO)
Package: hobsub 2012/05/28 v1.13 Construct package bundles (HO)
Package hobsub Info: Skipping package `infwarerr' (already loaded).
Package hobsub Info: Skipping package `ltxcmds' (already loaded).
Package: ifluatex 2010/03/01 v1.3 Provides the ifluatex switch (HO)
Package ifluatex Info: LuaTeX not detected.
Package: ifvtex 2010/03/01 v1.5 Detect VTeX and its facilities (HO)
Package ifvtex Info: VTeX not detected.
Package: intcalc 2007/09/27 v1.1 Expandable calculations with integers (HO)
Package: ifpdf 2011/01/30 v2.3 Provides the ifpdf switch (HO)
Package ifpdf Info: pdfTeX in PDF mode is detected.
Package: etexcmds 2011/02/16 v1.5 Avoid name clashes with e-TeX commands (HO)
Package etexcmds Info: Could not find \expanded.
(etexcmds)             That can mean that you are not using pdfTeX 1.50 or
(etexcmds)             that some package has redefined \expanded.
(etexcmds)             In the latter case, load this package earlier.
Package: kvsetkeys 2012/04/25 v1.16 Key value parser (HO)
Package: kvdefinekeys 2011/04/07 v1.3 Define keys (HO)
Package: pdftexcmds 2011/11/29 v0.20 Utility functions of pdfTeX for LuaTeX (HO
)
Package pdftexcmds Info: LuaTeX not detected.
Package pdftexcmds Info: \pdf@primitive is available.
Package pdftexcmds Info: \pdf@ifprimitive is available.
Package pdftexcmds Info: \pdfdraftmode found.
Package: pdfescape 2011/11/25 v1.13 Implements pdfTeX's escape features (HO)
Package: bigintcalc 2012/04/08 v1.3 Expandable calculations on big integers (HO
)
Package: bitset 2011/01/30 v1.1 Handle bit-vector datatype (HO)
Package: uniquecounter 2011/01/30 v1.2 Provide unlimited unique counter (HO)
)
Package hobsub Info: Skipping package `hobsub' (already loaded).
Package: letltxmacro 2010/09/02 v1.4 Let assignment for LaTeX macros (HO)
Package: hopatch 2012/05/28 v1.2 Wrapper for package hooks (HO)
Package: xcolor-patch 2011/01/30 xcolor patch
Package: atveryend 2011/06/30 v1.8 Hooks at the very end of document (HO)
Package atveryend Info: \enddocument detected (standard20110627).
Package: atbegshi 2011/10/05 v1.16 At begin shipout hook (HO)
Package: refcount 2011/10/16 v3.4 Data extraction from label references (HO)
Package: hycolor 2011/01/30 v1.7 Color options for hyperref/bookmark (HO)
)
(/usr/share/texlive/texmf-dist/tex/generic/ifxetex/ifxetex.sty
Package: ifxetex 2010/09/12 v0.6 Provides ifxetex conditional
)
(/usr/share/texlive/texmf-dist/tex/latex/oberdiek/auxhook.sty
Package: auxhook 2011/03/04 v1.3 Hooks for auxiliary files (HO)
)
(/usr/share/texlive/texmf-dist/tex/latex/oberdiek/kvoptions.sty
Package: kvoptions 2011/06/30 v3.11 Key value format for package options (HO)
)
\@linkdim=\dimen119
\Hy@linkcounter=\count101
\Hy@pagecounter=\count102

(/usr/share/texlive/texmf-dist/tex/latex/hyperref/pd1enc.def
File: pd1enc.def 2012/11/06 v6.83m Hyperref: PDFDocEncoding definition (HO)
)
\Hy@SavedSpaceFactor=\count103

(/usr/share/texlive/texmf-dist/tex/latex/latexconfig/hyperref.cfg
File: hyperref.cfg 2002/06/06 v1.2 hyperref configuration of TeXLive
)
Package hyperref Info: Hyper figures OFF on input line 4443.
Package hyperref Info: Link nesting OFF on input line 4448.
Package hyperref Info: Hyper index ON on input line 4451.
Package hyperref Info: Plain pages OFF on input line 4458.
Package hyperref Info: Backreferencing OFF on input line 4463.
Package hyperref Info: Implicit mode ON; LaTeX internals redefined.
Package hyperref Info: Bookmarks ON on input line 4688.
\c@Hy@tempcnt=\count104

(/usr/share/texlive/texmf-dist/tex/latex/url/url.sty
\Urlmuskip=\muskip11
Package: url 2013/09/16  ver 3.4  Verb mode for urls, etc.
)
LaTeX Info: Redefining \url on input line 5041.
\XeTeXLinkMargin=\dimen120
\Fld@menulength=\count105
\Field@Width=\dimen121
\Fld@charsize=\dimen122
Package hyperref Info: Hyper figures OFF on input line 6295.
Package hyperref Info: Link nesting OFF on input line 6300.
Package hyperref Info: Hyper index ON on input line 6303.
Package hyperref Info: backreferencing OFF on input line 6310.
Package hyperref Info: Link coloring OFF on input line 6315.
Package hyperref Info: Link coloring with OCG OFF on input line 6320.
Package hyperref Info: PDF/A mode OFF on input line 6325.
LaTeX Info: Redefining \ref on input line 6365.
LaTeX Info: Redefining \pageref on input line 6369.
\Hy@abspage=\count106
\c@Item=\count107
\c@Hfootnote=\count108
)

Package hyperref Message: Driver (autodetected): hpdftex.

(/usr/share/texlive/texmf-dist/tex/latex/hyperref/hpdftex.def
File: hpdftex.def 2012/11/06 v6.83m Hyperref driver for pdfTeX
\Fld@listcount=\count109
\c@bookmark@seq@number=\count110

(/usr/share/texlive/texmf-dist/tex/latex/oberdiek/rerunfilecheck.sty
Package: rerunfilecheck 2011/04/15 v1.7 Rerun checks for auxiliary files (HO)
Package uniquecounter Info: New unique counter `rerunfilecheck' on input line 2
82.
)
\Hy@SectionHShift=\skip48
)
(/usr/share/texlive/texmf-dist/tex/latex/subfigure/subfigure.sty
Package: subfigure 2002/03/15 v2.1.5 subfigure package
\subfigtopskip=\skip49
\subfigcapskip=\skip50
\subfigcaptopadj=\dimen123
\subfigbottomskip=\skip51
\subfigcapmargin=\dimen124
\subfiglabelskip=\skip52
\c@subfigure=\count111
\c@lofdepth=\count112
\c@subtable=\count113
\c@lotdepth=\count114

****************************************
* Local config file subfigure.cfg used *
****************************************
(/usr/share/texlive/texmf-dist/tex/latex/subfigure/subfigure.cfg)
\subfig@top=\skip53
\subfig@bottom=\skip54
)
(/usr/share/texlive/texmf-dist/tex/latex/algorithm2e/algorithm2e.sty
Package: algorithm2e 2013/01/06 v5.00 algorithms environments
\c@AlgoLine=\count115

(/usr/share/texlive/texmf-dist/tex/latex/base/ifthen.sty
Package: ifthen 2001/05/26 v1.1c Standard LaTeX ifthen package (DPC)
)
(/usr/share/texlive/texmf-dist/tex/latex/tools/xspace.sty
Package: xspace 2009/10/20 v1.13 Space after command names (DPC,MH)
)
(/usr/share/texlive/texmf-dist/tex/latex/relsize/relsize.sty
Package: relsize 2013/03/29 ver 4.1
)
********************************************************
Package `algorithm2e' Release 5.0 -- january 06 2013 --
- algorithm2e-announce@lirmm.fr mailing list for announcement about releases
- algorithm2e-discussion@lirmm.fr mailing list for discussion about package
subscribe by emailing sympa@lirmm.fr with 'subscribe <list> <firstname name>'
- Author: Christophe Fiorio (cfiorio@um2.fr)
********************************************************
\skiptotal=\skip55
\skiplinenumber=\skip56
\skiprule=\skip57
\skiphlne=\skip58
\skiptext=\skip59
\skiplength=\skip60
\algomargin=\skip61
\skipalgocfslide=\skip62
\algowidth=\dimen125
\inoutsize=\dimen126
\inoutindent=\dimen127
\interspacetitleruled=\dimen128
\interspacealgoruled=\dimen129
\interspacetitleboxruled=\dimen130
\algocf@inoutbox=\box28
\algocf@inputbox=\box29
\AlCapSkip=\skip63
\AlCapHSkip=\skip64
\algoskipindent=\skip65
\algocf@nlbox=\box30
\algocf@hangingbox=\box31
\algocf@untilbox=\box32
\algocf@skipuntil=\skip66
\algocf@capbox=\box33
\algoheightruledefault=\skip67
\algoheightrule=\skip68
\algotitleheightruledefault=\skip69
\algotitleheightrule=\skip70
\c@algocfline=\count116
\c@algocfproc=\count117
\c@algocf=\count118
\algocf@algoframe=\box34
\algocf@algobox=\box35
) (/usr/share/texlive/texmf-dist/tex/latex/multirow/multirow.sty
\bigstrutjot=\dimen131
)
(/usr/share/texlive/texmf-dist/tex/latex/pdfpages/pdfpages.sty
Package: pdfpages 2013/08/25 v0.4v Insert pages of external PDF documents (AM)

(/usr/share/texlive/texmf-dist/tex/latex/tools/calc.sty
Package: calc 2007/08/22 v4.3 Infix arithmetic (KKT,FJ)
\calc@Acount=\count119
\calc@Bcount=\count120
\calc@Adimen=\dimen132
\calc@Bdimen=\dimen133
\calc@Askip=\skip71
\calc@Bskip=\skip72
LaTeX Info: Redefining \setlength on input line 76.
LaTeX Info: Redefining \addtolength on input line 77.
\calc@Ccount=\count121
\calc@Cskip=\skip73
)
(/usr/share/texlive/texmf-dist/tex/latex/eso-pic/eso-pic.sty
Package: eso-pic 2013/10/06 v2.0d eso-pic (RN)

(/usr/share/texmf/tex/latex/xcolor/xcolor.sty
Package: xcolor 2007/01/21 v2.11 LaTeX color extensions (UK)

(/usr/share/texlive/texmf-dist/tex/latex/latexconfig/color.cfg
File: color.cfg 2007/01/18 v1.5 color configuration of teTeX/TeXLive
)
Package xcolor Info: Driver file: pdftex.def on input line 225.
Package xcolor Info: Model `cmy' substituted by `cmy0' on input line 1337.
Package xcolor Info: Model `hsb' substituted by `rgb' on input line 1341.
Package xcolor Info: Model `RGB' extended on input line 1353.
Package xcolor Info: Model `HTML' substituted by `rgb' on input line 1355.
Package xcolor Info: Model `Hsb' substituted by `hsb' on input line 1356.
Package xcolor Info: Model `tHsb' substituted by `hsb' on input line 1357.
Package xcolor Info: Model `HSB' substituted by `hsb' on input line 1358.
Package xcolor Info: Model `Gray' substituted by `gray' on input line 1359.
Package xcolor Info: Model `wave' substituted by `hsb' on input line 1360.
))
(/usr/share/texlive/texmf-dist/tex/latex/pdfpages/pppdftex.def
File: pppdftex.def 2013/08/25 v0.4v Pdfpages driver for pdfTeX (AM)
)
\AM@pagebox=\box36
\AM@toc@title=\toks23
\c@AM@survey=\count122
\AM@templatesizebox=\box37
)
(/usr/share/texlive/texmf-dist/tex/latex/listings/listings.sty
\lst@mode=\count123
\lst@gtempboxa=\box38
\lst@token=\toks24
\lst@length=\count124
\lst@currlwidth=\dimen134
\lst@column=\count125
\lst@pos=\count126
\lst@lostspace=\dimen135
\lst@width=\dimen136
\lst@newlines=\count127
\lst@lineno=\count128
\lst@maxwidth=\dimen137

(/usr/share/texlive/texmf-dist/tex/latex/listings/lstmisc.sty
File: lstmisc.sty 2013/08/26 1.5b (Carsten Heinz)
\c@lstnumber=\count129
\lst@skipnumbers=\count130
\lst@framebox=\box39
)
(/usr/share/texlive/texmf-dist/tex/latex/listings/listings.cfg
File: listings.cfg 2013/08/26 1.5b listings configuration
))
Package: listings 2013/08/26 1.5b (Carsten Heinz)

(/usr/share/texlive/texmf-dist/tex/latex/listings/lstlang1.sty
File: lstlang1.sty 2013/08/26 1.5b listings language file
) (./Prova1.aux)
\openout1 = `Prova1.aux'.

LaTeX Font Info:    Checking defaults for OML/cmm/m/it on input line 78.
LaTeX Font Info:    ... okay on input line 78.
LaTeX Font Info:    Checking defaults for T1/cmr/m/n on input line 78.
LaTeX Font Info:    ... okay on input line 78.
LaTeX Font Info:    Checking defaults for OT1/cmr/m/n on input line 78.
LaTeX Font Info:    ... okay on input line 78.
LaTeX Font Info:    Checking defaults for OMS/cmsy/m/n on input line 78.
LaTeX Font Info:    ... okay on input line 78.
LaTeX Font Info:    Checking defaults for OMX/cmex/m/n on input line 78.
LaTeX Font Info:    ... okay on input line 78.
LaTeX Font Info:    Checking defaults for U/cmr/m/n on input line 78.
LaTeX Font Info:    ... okay on input line 78.
LaTeX Font Info:    Checking defaults for PD1/pdf/m/n on input line 78.
LaTeX Font Info:    ... okay on input line 78.
LaTeX Font Info:    Try loading font information for OT1+ptm on input line 78.

(/usr/share/texlive/texmf-dist/tex/latex/psnfss/ot1ptm.fd
File: ot1ptm.fd 2001/06/04 font definitions for OT1/ptm.
)
(/usr/share/texlive/texmf-dist/tex/context/base/supp-pdf.mkii
[Loading MPS to PDF converter (version 2006.09.02).]
\scratchcounter=\count131
\scratchdimen=\dimen138
\scratchbox=\box40
\nofMPsegments=\count132
\nofMParguments=\count133
\everyMPshowfont=\toks25
\MPscratchCnt=\count134
\MPscratchDim=\dimen139
\MPnumerator=\count135
\makeMPintoPDFobject=\count136
\everyMPtoPDFconversion=\toks26
) (/usr/share/texlive/texmf-dist/tex/latex/oberdiek/epstopdf-base.sty
Package: epstopdf-base 2010/02/09 v2.5 Base part for package epstopdf

(/usr/share/texlive/texmf-dist/tex/latex/oberdiek/grfext.sty
Package: grfext 2010/08/19 v1.1 Manage graphics extensions (HO)
)
Package grfext Info: Graphics extension search list:
(grfext)             [.png,.pdf,.jpg,.mps,.jpeg,.jbig2,.jb2,.PNG,.PDF,.JPG,.JPE
G,.JBIG2,.JB2,.eps]
(grfext)             \AppendGraphicsExtensions on input line 452.

(/usr/share/texlive/texmf-dist/tex/latex/latexconfig/epstopdf-sys.cfg
File: epstopdf-sys.cfg 2010/07/13 v1.3 Configuration of (r)epstopdf for TeX Liv
e
))
\AtBeginShipoutBox=\box41
Package hyperref Info: Link coloring OFF on input line 78.

(/usr/share/texlive/texmf-dist/tex/latex/hyperref/nameref.sty
Package: nameref 2012/10/27 v2.43 Cross-referencing by name of section

(/usr/share/texlive/texmf-dist/tex/generic/oberdiek/gettitlestring.sty
Package: gettitlestring 2010/12/03 v1.4 Cleanup title references (HO)
)
\c@section@level=\count137
)
LaTeX Info: Redefining \ref on input line 78.
LaTeX Info: Redefining \pageref on input line 78.
LaTeX Info: Redefining \nameref on input line 78.

(./Prova1.out) (./Prova1.out)
\@outlinefile=\write3
\openout3 = `Prova1.out'.

\c@lstlisting=\count138
LaTeX Font Info:    Font shape `OT1/ptm/bx/n' in size <12> not available
(Font)              Font shape `OT1/ptm/b/n' tried instead on input line 81.
LaTeX Font Info:    Font shape `OT1/ptm/bx/n' in size <10> not available
(Font)              Font shape `OT1/ptm/b/n' tried instead on input line 82.
Package babel Info: Redefining portuges shorthand "|
(babel)             in language  on input line 82.

Overfull \hbox (2.31459pt too wide) in paragraph at lines 84--85
\OT1/ptm/m/n/10 pi-pes den-tre ou-tras fer-ra-men-tas de programa[][]ao. Nesta 
prova
 []

Package babel Info: Redefining portuges shorthand "|
(babel)             in language  on input line 86.

Overfull \hbox (1.04364pt too wide) in paragraph at lines 88--91
\OT1/ptm/m/n/10 O mi-cro-con-tro-la-dor AT-mega pos-sui mui-tas fer-ra-men-tas 
[]uteis
 []


Overfull \hbox (7.30424pt too wide) in paragraph at lines 88--91
\OT1/ptm/m/n/10 rial UART(Universal asyn-ch-ro-nous re-cei-ver/-trans-mit-ter).
 Para
 []

Package babel Info: Redefining portuges shorthand "|
(babel)             in language  on input line 92.
Package babel Info: Redefining portuges shorthand "|
(babel)             in language  on input line 94.
<figs/tabela1.png, id=46, 950.55125pt x 392.46625pt>
File: figs/tabela1.png Graphic file (type png)
 <use figs/tabela1.png>
Package pdftex.def Info: figs/tabela1.png used on input line 104.
(pdftex.def)             Requested size: 256.0748pt x 105.72775pt.

Overfull \hbox (17.07166pt too wide) in paragraph at lines 104--106
 [][] 
 []

<figs/tabela2.png, id=47, 951.555pt x 419.5675pt>
File: figs/tabela2.png Graphic file (type png)
 <use figs/tabela2.png>
Package pdftex.def Info: figs/tabela2.png used on input line 112.
(pdftex.def)             Requested size: 256.0748pt x 112.90701pt.

Overfull \hbox (17.07166pt too wide) in paragraph at lines 112--114
 [][] 
 []

Package babel Info: Redefining portuges shorthand "|
(babel)             in language  on input line 118.
Package babel Info: Redefining portuges shorthand "|
(babel)             in language  on input line 120.
Package babel Info: Redefining portuges shorthand "|
(babel)             in language  on input line 120.
[1{/var/lib/texmf/fonts/map/pdftex/updmap/pdftex.map}



 <./figs/tabela1.png> <./figs/tabela2.png>]
Package babel Info: Redefining portuges shorthand "|
(babel)             in language  on input line 122.
Package babel Info: Redefining portuges shorthand "|
(babel)             in language  on input line 124.

Overfull \hbox (2.3942pt too wide) in paragraph at lines 125--126
\OT1/ptm/m/n/10 gura[[]3[]]. O pro-grama cap-tura as en-tra-das do te-clado num
[]erico
 []

<figs/fig1.png, id=59, 283.0575pt x 234.8775pt>
File: figs/fig1.png Graphic file (type png)
 <use figs/fig1.png>
Package pdftex.def Info: figs/fig1.png used on input line 129.
(pdftex.def)             Requested size: 256.0748pt x 212.50598pt.

Overfull \hbox (17.07166pt too wide) in paragraph at lines 129--131
 [][] 
 []

Package babel Info: Redefining portuges shorthand "|
(babel)             in language  on input line 148.
Package babel Info: Redefining portuges shorthand "|
(babel)             in language  on input line 148.
[2

 <./figs/fig1.png>]
Package babel Info: Redefining portuges shorthand "|
(babel)             in language  on input line 151.

Overfull \hbox (7.59378pt too wide) in paragraph at lines 153--154
\OT1/ptm/m/n/10 re-qui-si-tada (HH:MM:SS - DD/MM/A-AAA - Cli-ente $\OML/cmm/m/i
t/10 < IP >$\OT1/ptm/m/n/10 ;
 []

<figs/fig2.png, id=66, 498.86375pt x 189.70876pt>
File: figs/fig2.png Graphic file (type png)
 <use figs/fig2.png>
Package pdftex.def Info: figs/fig2.png used on input line 160.
(pdftex.def)             Requested size: 256.0748pt x 97.38412pt.

Overfull \hbox (17.07166pt too wide) in paragraph at lines 160--162
 [][] 
 []


Overfull \hbox (29.03397pt too wide) in paragraph at lines 168--169
[]\OT1/ptm/m/n/10 Na fun[][]ao Tra-ta-Cli-en-teTCP re-ve-be-mos o pa-cote de in
forma[][]oes
 []


Overfull \hbox (27.59415pt too wide) in paragraph at lines 168--169
\OT1/ptm/m/n/10 viar[]a a res-posta ao cli-ente por meio das fun[][]aoes En-via
[]char[]cliente
 []

Package babel Info: Redefining portuges shorthand "|
(babel)             in language  on input line 176.

Overfull \hbox (13.46411pt too wide) in paragraph at lines 178--180
\OT1/ptm/m/n/10 A prova pr[]atica foi con-tru-tiva no to-cante a parte de comun
ica[][]ao
 []

Package babel Info: Redefining portuges shorthand "|
(babel)             in language  on input line 181.
Package babel Info: Redefining portuges shorthand "|
(babel)             in language  on input line 181.
[3

 <./figs/fig2.png>]
Package babel Info: Redefining portuges shorthand "|
(babel)             in language  on input line 183.
 <Codigo/cliente_tcp.pdf, id=75, 614.295pt x 794.97pt>
File: Codigo/cliente_tcp.pdf Graphic file (type pdf)

<use Codigo/cliente_tcp.pdf>
Package pdftex.def Info: Codigo/cliente_tcp.pdf used on input line 186.
(pdftex.def)             Requested size: 614.29349pt x 794.96806pt.
File: Codigo/cliente_tcp.pdf Graphic file (type pdf)
 <use Codigo/cliente_tcp.pdf>
Package pdftex.def Info: Codigo/cliente_tcp.pdf used on input line 186.
(pdftex.def)             Requested size: 614.29349pt x 794.96806pt.
Package babel Info: Redefining portuges shorthand "|
(babel)             in language  on input line 186.
Package babel Info: Redefining portuges shorthand "|
(babel)             in language  on input line 186.
 [4

]
<Codigo/cliente_tcp.pdf, id=82, page=1, 614.295pt x 794.97pt>
File: Codigo/cliente_tcp.pdf Graphic file (type pdf)

<use Codigo/cliente_tcp.pdf, page 1>
Package pdftex.def Info: Codigo/cliente_tcp.pdf, page1 used on input line 186.
(pdftex.def)             Requested size: 614.29349pt x 794.96806pt.
File: Codigo/cliente_tcp.pdf Graphic file (type pdf)
 <use Codigo/cliente_tcp.pdf, page 1>
Package pdftex.def Info: Codigo/cliente_tcp.pdf, page1 used on input line 186.
(pdftex.def)             Requested size: 597.78697pt x 773.60669pt.
File: Codigo/cliente_tcp.pdf Graphic file (type pdf)

<use Codigo/cliente_tcp.pdf, page 1>
Package pdftex.def Info: Codigo/cliente_tcp.pdf, page1 used on input line 186.
(pdftex.def)             Requested size: 597.78697pt x 773.60669pt.
File: Codigo/cliente_tcp.pdf Graphic file (type pdf)
 <use Codigo/cliente_tcp.pdf, page 1>
Package pdftex.def Info: Codigo/cliente_tcp.pdf, page1 used on input line 186.
(pdftex.def)             Requested size: 597.78697pt x 773.60669pt.
Package babel Info: Redefining portuges shorthand "|
(babel)             in language  on input line 186.
Package babel Info: Redefining portuges shorthand "|
(babel)             in language  on input line 186.
File: Codigo/cliente_tcp.pdf Graphic file (type pdf)

<use Codigo/cliente_tcp.pdf, page 1>
Package pdftex.def Info: Codigo/cliente_tcp.pdf, page1 used on input line 186.
(pdftex.def)             Requested size: 597.78697pt x 773.60669pt.
 [5

 <./Codigo/cliente_tcp.pdf>]
<Codigo/cliente_tcp.pdf, id=107, page=2, 614.295pt x 794.97pt>
File: Codigo/cliente_tcp.pdf Graphic file (type pdf)

<use Codigo/cliente_tcp.pdf, page 2>
Package pdftex.def Info: Codigo/cliente_tcp.pdf, page2 used on input line 186.
(pdftex.def)             Requested size: 597.78697pt x 773.60669pt.
File: Codigo/cliente_tcp.pdf Graphic file (type pdf)
 <use Codigo/cliente_tcp.pdf, page 2>
Package pdftex.def Info: Codigo/cliente_tcp.pdf, page2 used on input line 186.
(pdftex.def)             Requested size: 597.78697pt x 773.60669pt.
Package babel Info: Redefining portuges shorthand "|
(babel)             in language  on input line 186.
Package babel Info: Redefining portuges shorthand "|
(babel)             in language  on input line 186.
File: Codigo/cliente_tcp.pdf Graphic file (type pdf)

<use Codigo/cliente_tcp.pdf, page 2>
Package pdftex.def Info: Codigo/cliente_tcp.pdf, page2 used on input line 186.
(pdftex.def)             Requested size: 597.78697pt x 773.60669pt.
 [6 <./Codigo/cliente_tcp.pdf>]
<Codigo/cliente_tcp.pdf, id=113, page=3, 614.295pt x 794.97pt>
File: Codigo/cliente_tcp.pdf Graphic file (type pdf)

<use Codigo/cliente_tcp.pdf, page 3>
Package pdftex.def Info: Codigo/cliente_tcp.pdf, page3 used on input line 186.
(pdftex.def)             Requested size: 597.78697pt x 773.60669pt.
File: Codigo/cliente_tcp.pdf Graphic file (type pdf)
 <use Codigo/cliente_tcp.pdf, page 3>
Package pdftex.def Info: Codigo/cliente_tcp.pdf, page3 used on input line 186.
(pdftex.def)             Requested size: 597.78697pt x 773.60669pt.
Package babel Info: Redefining portuges shorthand "|
(babel)             in language  on input line 186.
Package babel Info: Redefining portuges shorthand "|
(babel)             in language  on input line 186.
File: Codigo/cliente_tcp.pdf Graphic file (type pdf)

<use Codigo/cliente_tcp.pdf, page 3>
Package pdftex.def Info: Codigo/cliente_tcp.pdf, page3 used on input line 186.
(pdftex.def)             Requested size: 597.78697pt x 773.60669pt.
 [7 <./Codigo/cliente_tcp.pdf>]
<Codigo/cliente_tcp.pdf, id=120, page=4, 614.295pt x 794.97pt>
File: Codigo/cliente_tcp.pdf Graphic file (type pdf)

<use Codigo/cliente_tcp.pdf, page 4>
Package pdftex.def Info: Codigo/cliente_tcp.pdf, page4 used on input line 186.
(pdftex.def)             Requested size: 597.78697pt x 773.60669pt.
File: Codigo/cliente_tcp.pdf Graphic file (type pdf)
 <use Codigo/cliente_tcp.pdf, page 4>
Package pdftex.def Info: Codigo/cliente_tcp.pdf, page4 used on input line 186.
(pdftex.def)             Requested size: 597.78697pt x 773.60669pt.
Package babel Info: Redefining portuges shorthand "|
(babel)             in language  on input line 186.
Package babel Info: Redefining portuges shorthand "|
(babel)             in language  on input line 186.
File: Codigo/cliente_tcp.pdf Graphic file (type pdf)

<use Codigo/cliente_tcp.pdf, page 4>
Package pdftex.def Info: Codigo/cliente_tcp.pdf, page4 used on input line 186.
(pdftex.def)             Requested size: 597.78697pt x 773.60669pt.
 [8 <./Codigo/cliente_tcp.pdf>]
<Codigo/cliente_tcp.pdf, id=126, page=5, 614.295pt x 794.97pt>
File: Codigo/cliente_tcp.pdf Graphic file (type pdf)

<use Codigo/cliente_tcp.pdf, page 5>
Package pdftex.def Info: Codigo/cliente_tcp.pdf, page5 used on input line 186.
(pdftex.def)             Requested size: 597.78697pt x 773.60669pt.
File: Codigo/cliente_tcp.pdf Graphic file (type pdf)
 <use Codigo/cliente_tcp.pdf, page 5>
Package pdftex.def Info: Codigo/cliente_tcp.pdf, page5 used on input line 186.
(pdftex.def)             Requested size: 597.78697pt x 773.60669pt.
Package babel Info: Redefining portuges shorthand "|
(babel)             in language  on input line 186.
Package babel Info: Redefining portuges shorthand "|
(babel)             in language  on input line 186.
File: Codigo/cliente_tcp.pdf Graphic file (type pdf)

<use Codigo/cliente_tcp.pdf, page 5>
Package pdftex.def Info: Codigo/cliente_tcp.pdf, page5 used on input line 186.
(pdftex.def)             Requested size: 597.78697pt x 773.60669pt.
 [9 <./Codigo/cliente_tcp.pdf>]
<Codigo/servidor_tcp.pdf, id=132, 614.295pt x 794.97pt>
File: Codigo/servidor_tcp.pdf Graphic file (type pdf)

<use Codigo/servidor_tcp.pdf>
Package pdftex.def Info: Codigo/servidor_tcp.pdf used on input line 187.
(pdftex.def)             Requested size: 614.29349pt x 794.96806pt.
File: Codigo/servidor_tcp.pdf Graphic file (type pdf)
 <use Codigo/servidor_tcp.pdf>
Package pdftex.def Info: Codigo/servidor_tcp.pdf used on input line 187.
(pdftex.def)             Requested size: 614.29349pt x 794.96806pt.

<Codigo/servidor_tcp.pdf, id=135, page=1, 614.295pt x 794.97pt>
File: Codigo/servidor_tcp.pdf Graphic file (type pdf)

<use Codigo/servidor_tcp.pdf, page 1>
Package pdftex.def Info: Codigo/servidor_tcp.pdf, page1 used on input line 187.

(pdftex.def)             Requested size: 614.29349pt x 794.96806pt.
File: Codigo/servidor_tcp.pdf Graphic file (type pdf)
 <use Codigo/servidor_tcp.pdf, page 1>
Package pdftex.def Info: Codigo/servidor_tcp.pdf, page1 used on input line 187.

(pdftex.def)             Requested size: 597.78697pt x 773.60669pt.
File: Codigo/servidor_tcp.pdf Graphic file (type pdf)

<use Codigo/servidor_tcp.pdf, page 1>
Package pdftex.def Info: Codigo/servidor_tcp.pdf, page1 used on input line 187.

(pdftex.def)             Requested size: 597.78697pt x 773.60669pt.
File: Codigo/servidor_tcp.pdf Graphic file (type pdf)
 <use Codigo/servidor_tcp.pdf, page 1>
Package pdftex.def Info: Codigo/servidor_tcp.pdf, page1 used on input line 187.

(pdftex.def)             Requested size: 597.78697pt x 773.60669pt.
Package babel Info: Redefining portuges shorthand "|
(babel)             in language  on input line 187.
Package babel Info: Redefining portuges shorthand "|
(babel)             in language  on input line 187.
File: Codigo/servidor_tcp.pdf Graphic file (type pdf)

<use Codigo/servidor_tcp.pdf, page 1>
Package pdftex.def Info: Codigo/servidor_tcp.pdf, page1 used on input line 187.

(pdftex.def)             Requested size: 597.78697pt x 773.60669pt.
 [10


 <./Codigo/servidor_tcp.pdf>]
<Codigo/servidor_tcp.pdf, id=161, page=2, 614.295pt x 794.97pt>
File: Codigo/servidor_tcp.pdf Graphic file (type pdf)

<use Codigo/servidor_tcp.pdf, page 2>
Package pdftex.def Info: Codigo/servidor_tcp.pdf, page2 used on input line 187.

(pdftex.def)             Requested size: 597.78697pt x 773.60669pt.
File: Codigo/servidor_tcp.pdf Graphic file (type pdf)
 <use Codigo/servidor_tcp.pdf, page 2>
Package pdftex.def Info: Codigo/servidor_tcp.pdf, page2 used on input line 187.

(pdftex.def)             Requested size: 597.78697pt x 773.60669pt.
Package babel Info: Redefining portuges shorthand "|
(babel)             in language  on input line 187.
Package babel Info: Redefining portuges shorthand "|
(babel)             in language  on input line 187.
File: Codigo/servidor_tcp.pdf Graphic file (type pdf)

<use Codigo/servidor_tcp.pdf, page 2>
Package pdftex.def Info: Codigo/servidor_tcp.pdf, page2 used on input line 187.

(pdftex.def)             Requested size: 597.78697pt x 773.60669pt.
 [11 <./Codigo/servidor_tcp.pdf>]
<Codigo/servidor_tcp.pdf, id=167, page=3, 614.295pt x 794.97pt>
File: Codigo/servidor_tcp.pdf Graphic file (type pdf)

<use Codigo/servidor_tcp.pdf, page 3>
Package pdftex.def Info: Codigo/servidor_tcp.pdf, page3 used on input line 187.

(pdftex.def)             Requested size: 597.78697pt x 773.60669pt.
File: Codigo/servidor_tcp.pdf Graphic file (type pdf)
 <use Codigo/servidor_tcp.pdf, page 3>
Package pdftex.def Info: Codigo/servidor_tcp.pdf, page3 used on input line 187.

(pdftex.def)             Requested size: 597.78697pt x 773.60669pt.
Package babel Info: Redefining portuges shorthand "|
(babel)             in language  on input line 187.
Package babel Info: Redefining portuges shorthand "|
(babel)             in language  on input line 187.
File: Codigo/servidor_tcp.pdf Graphic file (type pdf)

<use Codigo/servidor_tcp.pdf, page 3>
Package pdftex.def Info: Codigo/servidor_tcp.pdf, page3 used on input line 187.

(pdftex.def)             Requested size: 597.78697pt x 773.60669pt.
 [12 <./Codigo/servidor_tcp.pdf>]
<Codigo/servidor_tcp.pdf, id=173, page=4, 614.295pt x 794.97pt>
File: Codigo/servidor_tcp.pdf Graphic file (type pdf)

<use Codigo/servidor_tcp.pdf, page 4>
Package pdftex.def Info: Codigo/servidor_tcp.pdf, page4 used on input line 187.

(pdftex.def)             Requested size: 597.78697pt x 773.60669pt.
File: Codigo/servidor_tcp.pdf Graphic file (type pdf)
 <use Codigo/servidor_tcp.pdf, page 4>
Package pdftex.def Info: Codigo/servidor_tcp.pdf, page4 used on input line 187.

(pdftex.def)             Requested size: 597.78697pt x 773.60669pt.
Package babel Info: Redefining portuges shorthand "|
(babel)             in language  on input line 187.
Package babel Info: Redefining portuges shorthand "|
(babel)             in language  on input line 187.
File: Codigo/servidor_tcp.pdf Graphic file (type pdf)

<use Codigo/servidor_tcp.pdf, page 4>
Package pdftex.def Info: Codigo/servidor_tcp.pdf, page4 used on input line 187.

(pdftex.def)             Requested size: 597.78697pt x 773.60669pt.
 [13 <./Codigo/servidor_tcp.pdf>]
<Codigo/servidor_tcp.pdf, id=180, page=5, 614.295pt x 794.97pt>
File: Codigo/servidor_tcp.pdf Graphic file (type pdf)

<use Codigo/servidor_tcp.pdf, page 5>
Package pdftex.def Info: Codigo/servidor_tcp.pdf, page5 used on input line 187.

(pdftex.def)             Requested size: 597.78697pt x 773.60669pt.
File: Codigo/servidor_tcp.pdf Graphic file (type pdf)
 <use Codigo/servidor_tcp.pdf, page 5>
Package pdftex.def Info: Codigo/servidor_tcp.pdf, page5 used on input line 187.

(pdftex.def)             Requested size: 597.78697pt x 773.60669pt.
Package babel Info: Redefining portuges shorthand "|
(babel)             in language  on input line 187.
Package babel Info: Redefining portuges shorthand "|
(babel)             in language  on input line 187.
File: Codigo/servidor_tcp.pdf Graphic file (type pdf)

<use Codigo/servidor_tcp.pdf, page 5>
Package pdftex.def Info: Codigo/servidor_tcp.pdf, page5 used on input line 187.

(pdftex.def)             Requested size: 597.78697pt x 773.60669pt.
 [14 <./Codigo/servidor_tcp.pdf>]
<Codigo/servidor_tcp.pdf, id=186, page=6, 614.295pt x 794.97pt>
File: Codigo/servidor_tcp.pdf Graphic file (type pdf)

<use Codigo/servidor_tcp.pdf, page 6>
Package pdftex.def Info: Codigo/servidor_tcp.pdf, page6 used on input line 187.

(pdftex.def)             Requested size: 597.78697pt x 773.60669pt.
File: Codigo/servidor_tcp.pdf Graphic file (type pdf)
 <use Codigo/servidor_tcp.pdf, page 6>
Package pdftex.def Info: Codigo/servidor_tcp.pdf, page6 used on input line 187.

(pdftex.def)             Requested size: 597.78697pt x 773.60669pt.
Package babel Info: Redefining portuges shorthand "|
(babel)             in language  on input line 187.
Package babel Info: Redefining portuges shorthand "|
(babel)             in language  on input line 187.
File: Codigo/servidor_tcp.pdf Graphic file (type pdf)

<use Codigo/servidor_tcp.pdf, page 6>
Package pdftex.def Info: Codigo/servidor_tcp.pdf, page6 used on input line 187.

(pdftex.def)             Requested size: 597.78697pt x 773.60669pt.
 [15 <./Codigo/servidor_tcp.pdf>]
<Codigo/servidor_tcp.pdf, id=192, page=7, 614.295pt x 794.97pt>
File: Codigo/servidor_tcp.pdf Graphic file (type pdf)

<use Codigo/servidor_tcp.pdf, page 7>
Package pdftex.def Info: Codigo/servidor_tcp.pdf, page7 used on input line 187.

(pdftex.def)             Requested size: 597.78697pt x 773.60669pt.
File: Codigo/servidor_tcp.pdf Graphic file (type pdf)
 <use Codigo/servidor_tcp.pdf, page 7>
Package pdftex.def Info: Codigo/servidor_tcp.pdf, page7 used on input line 187.

(pdftex.def)             Requested size: 597.78697pt x 773.60669pt.
Package babel Info: Redefining portuges shorthand "|
(babel)             in language  on input line 187.
Package babel Info: Redefining portuges shorthand "|
(babel)             in language  on input line 187.
File: Codigo/servidor_tcp.pdf Graphic file (type pdf)

<use Codigo/servidor_tcp.pdf, page 7>
Package pdftex.def Info: Codigo/servidor_tcp.pdf, page7 used on input line 187.

(pdftex.def)             Requested size: 597.78697pt x 773.60669pt.
 [16 <./Codigo/servidor_tcp.pdf>]
<Codigo/servidor_tcp.pdf, id=198, page=8, 614.295pt x 794.97pt>
File: Codigo/servidor_tcp.pdf Graphic file (type pdf)

<use Codigo/servidor_tcp.pdf, page 8>
Package pdftex.def Info: Codigo/servidor_tcp.pdf, page8 used on input line 187.

(pdftex.def)             Requested size: 597.78697pt x 773.60669pt.
File: Codigo/servidor_tcp.pdf Graphic file (type pdf)
 <use Codigo/servidor_tcp.pdf, page 8>
Package pdftex.def Info: Codigo/servidor_tcp.pdf, page8 used on input line 187.

(pdftex.def)             Requested size: 597.78697pt x 773.60669pt.
Package babel Info: Redefining portuges shorthand "|
(babel)             in language  on input line 187.
Package babel Info: Redefining portuges shorthand "|
(babel)             in language  on input line 187.
File: Codigo/servidor_tcp.pdf Graphic file (type pdf)

<use Codigo/servidor_tcp.pdf, page 8>
Package pdftex.def Info: Codigo/servidor_tcp.pdf, page8 used on input line 187.

(pdftex.def)             Requested size: 597.78697pt x 773.60669pt.
 [17 <./Codigo/servidor_tcp.pdf>]
<Codigo/play_alarm.pdf, id=204, 614.295pt x 794.97pt>
File: Codigo/play_alarm.pdf Graphic file (type pdf)

<use Codigo/play_alarm.pdf>
Package pdftex.def Info: Codigo/play_alarm.pdf used on input line 188.
(pdftex.def)             Requested size: 614.29349pt x 794.96806pt.
File: Codigo/play_alarm.pdf Graphic file (type pdf)
 <use Codigo/play_alarm.pdf>
Package pdftex.def Info: Codigo/play_alarm.pdf used on input line 188.
(pdftex.def)             Requested size: 614.29349pt x 794.96806pt.

<Codigo/play_alarm.pdf, id=207, page=1, 614.295pt x 794.97pt>
File: Codigo/play_alarm.pdf Graphic file (type pdf)

<use Codigo/play_alarm.pdf, page 1>
Package pdftex.def Info: Codigo/play_alarm.pdf, page1 used on input line 188.
(pdftex.def)             Requested size: 614.29349pt x 794.96806pt.
File: Codigo/play_alarm.pdf Graphic file (type pdf)
 <use Codigo/play_alarm.pdf, page 1>
Package pdftex.def Info: Codigo/play_alarm.pdf, page1 used on input line 188.
(pdftex.def)             Requested size: 597.78697pt x 773.60669pt.
File: Codigo/play_alarm.pdf Graphic file (type pdf)

<use Codigo/play_alarm.pdf, page 1>
Package pdftex.def Info: Codigo/play_alarm.pdf, page1 used on input line 188.
(pdftex.def)             Requested size: 597.78697pt x 773.60669pt.
File: Codigo/play_alarm.pdf Graphic file (type pdf)
 <use Codigo/play_alarm.pdf, page 1>
Package pdftex.def Info: Codigo/play_alarm.pdf, page1 used on input line 188.
(pdftex.def)             Requested size: 597.78697pt x 773.60669pt.
Package babel Info: Redefining portuges shorthand "|
(babel)             in language  on input line 188.
Package babel Info: Redefining portuges shorthand "|
(babel)             in language  on input line 188.
File: Codigo/play_alarm.pdf Graphic file (type pdf)

<use Codigo/play_alarm.pdf, page 1>
Package pdftex.def Info: Codigo/play_alarm.pdf, page1 used on input line 188.
(pdftex.def)             Requested size: 597.78697pt x 773.60669pt.
 [18


 <./Codigo/play_alarm.pdf>]
Package atveryend Info: Empty hook `BeforeClearDocument' on input line 205.
Package atveryend Info: Empty hook `AfterLastShipout' on input line 205.

(./Prova1.aux)
Package atveryend Info: Executing hook `AtVeryEndDocument' on input line 205.
Package atveryend Info: Executing hook `AtEndAfterFileList' on input line 205.
Package rerunfilecheck Info: File `Prova1.out' has not changed.
(rerunfilecheck)             Checksum: 183870BCBF374BC78FC6785046161D48;540.
Package atveryend Info: Empty hook `AtVeryVeryEnd' on input line 205.
 ) 
Here is how much of TeX's memory you used:
 10357 strings out of 493304
 148772 string characters out of 6139871
 311261 words of memory out of 5000000
 13639 multiletter control sequences out of 15000+600000
 18390 words of font info for 42 fonts, out of 8000000 for 9000
 959 hyphenation exceptions out of 8191
 40i,18n,46p,702b,479s stack positions out of 5000i,500n,10000p,200000b,80000s
{/usr/share/texlive/texmf-dist/fonts/enc/dvips/base/8r.enc}</usr/share/texliv
e/texmf-dist/fonts/type1/public/amsfonts/cm/cmmi10.pfb></usr/share/texlive/texm
f-dist/fonts/type1/public/amsfonts/cm/cmr10.pfb></usr/share/texlive/texmf-dist/
fonts/type1/public/amsfonts/cm/cmsy10.pfb></usr/share/texlive/texmf-dist/fonts/
type1/urw/times/utmb8a.pfb></usr/share/texlive/texmf-dist/fonts/type1/urw/times
/utmr8a.pfb></usr/share/texlive/texmf-dist/fonts/type1/urw/times/utmri8a.pfb>
Output written on Prova1.pdf (18 pages, 314630 bytes).
PDF statistics:
 263 PDF objects out of 1000 (max. 8388607)
 190 compressed objects within 2 object streams
 33 named destinations out of 1000 (max. 500000)
 216 words of extra memory for PDF output out of 10000 (max. 10000000)

